0 info it worked if it ends with ok
1 verbose cli [ '/home/travis/.nvm/versions/node/v6.10.2/bin/node',
1 verbose cli   '/home/travis/.nvm/versions/node/v6.10.2/bin/npm',
1 verbose cli   'run',
1 verbose cli   'build' ]
2 info using npm@3.10.10
3 info using node@v6.10.2
4 verbose run-script [ 'prebuild', 'build', 'postbuild' ]
5 info lifecycle ludum38@0.0.0~prebuild: ludum38@0.0.0
6 silly lifecycle ludum38@0.0.0~prebuild: no script for prebuild, continuing
7 info lifecycle ludum38@0.0.0~build: ludum38@0.0.0
8 verbose lifecycle ludum38@0.0.0~build: unsafe-perm in lifecycle true
9 verbose lifecycle ludum38@0.0.0~build: PATH: /home/travis/.nvm/versions/node/v6.10.2/lib/node_modules/npm/bin/node-gyp-bin:/home/travis/build/excaliburjs/ludum-38/node_modules/.bin:/home/travis/.nvm/versions/node/v6.10.2/bin:/home/travis/bin:/home/travis/.local/bin:/home/travis/.rvm/gems/ruby-1.9.3-p551/bin:/home/travis/.rvm/gems/ruby-1.9.3-p551@global/bin:/home/travis/.rvm/rubies/ruby-1.9.3-p551/bin:/usr/local/phantomjs/bin:./node_modules/.bin:/usr/local/maven-3.2.5/bin:/usr/local/clang-3.4/bin:/home/travis/.gimme/versions/go1.4.1.linux.amd64/bin:/usr/local/sbin:/usr/local/bin:/usr/sbin:/usr/bin:/sbin:/bin:/home/travis/.rvm/bin
10 verbose lifecycle ludum38@0.0.0~build: CWD: /home/travis/build/excaliburjs/ludum-38
11 silly lifecycle ludum38@0.0.0~build: Args: [ '-c', 'tsc -p game/tsconfig.json' ]
12 silly lifecycle ludum38@0.0.0~build: Returned: code: 2  signal: null
13 info lifecycle ludum38@0.0.0~build: Failed to exec build script
14 verbose stack Error: ludum38@0.0.0 build: `tsc -p game/tsconfig.json`
14 verbose stack Exit status 2
14 verbose stack     at EventEmitter.<anonymous> (/home/travis/.nvm/versions/node/v6.10.2/lib/node_modules/npm/lib/utils/lifecycle.js:255:16)
14 verbose stack     at emitTwo (events.js:106:13)
14 verbose stack     at EventEmitter.emit (events.js:191:7)
14 verbose stack     at ChildProcess.<anonymous> (/home/travis/.nvm/versions/node/v6.10.2/lib/node_modules/npm/lib/utils/spawn.js:40:14)
14 verbose stack     at emitTwo (events.js:106:13)
14 verbose stack     at ChildProcess.emit (events.js:191:7)
14 verbose stack     at maybeClose (internal/child_process.js:886:16)
14 verbose stack     at Process.ChildProcess._handle.onexit (internal/child_process.js:226:5)
15 verbose pkgid ludum38@0.0.0
16 verbose cwd /home/travis/build/excaliburjs/ludum-38
17 error Linux 4.8.12-040812-generic
18 error argv "/home/travis/.nvm/versions/node/v6.10.2/bin/node" "/home/travis/.nvm/versions/node/v6.10.2/bin/npm" "run" "build"
19 error node v6.10.2
20 error npm  v3.10.10
21 error code ELIFECYCLE
22 error ludum38@0.0.0 build: `tsc -p game/tsconfig.json`
22 error Exit status 2
23 error Failed at the ludum38@0.0.0 build script 'tsc -p game/tsconfig.json'.
23 error Make sure you have the latest version of node.js and npm installed.
23 error If you do, this is most likely a problem with the ludum38 package,
23 error not with npm itself.
23 error Tell the author that this fails on your system:
23 error     tsc -p game/tsconfig.json
23 error You can get information on how to open an issue for this project with:
23 error     npm bugs ludum38
23 error Or if that isn't available, you can get their info via:
23 error     npm owner ls ludum38
23 error There is likely additional logging output above.
24 verbose exit [ 1, true ]
